<?xml version="1.0" encoding="UTF-8"?>
<testsuite xmlns:xsi="http://www.w3.org/2001/XMLSchema-instance" xsi:noNamespaceSchemaLocation="https://maven.apache.org/surefire/maven-surefire-plugin/xsd/surefire-test-report-3.0.xsd" version="3.0" name="TestStage5" time="0.391" tests="35" errors="0" skipped="0" failures="0">
  <properties>
[...]
</properties>
  <testcase name="test6WordSearching" classname="TestStage5" time="0.111"/>
  <testcase name="DPMTEST" classname="TestStage5" time="0.048"/>
  <testcase name="test333" classname="TestStage5" time="0.003"/>
  <testcase name="stage5PushToDiskViaMaxDocCount" classname="TestStage5" time="0.017"/>
  <testcase name="stage3UndoByURIThatImpactsEarlierThanLast" classname="TestStage5" time="0.009"/>
  <testcase name="stage4TestMaxDocBytesViaSearch" classname="TestStage5" time="0.013"/>
  <testcase name="test7SearchAndDelete" classname="TestStage5" time="0.005"/>
  <testcase name="test3Tree" classname="TestStage5" time="0.002"/>
  <testcase name="deleteFiles" classname="TestStage5" time="0.004"/>
  <testcase name="test4MoreTree" classname="TestStage5" time="0.006"/>
  <testcase name="test55_Simple_DocumentStoreTest" classname="TestStage5" time="0.002"/>
  <testcase name="test10" classname="TestStage5" time="0.002"/>
  <testcase name="test12" classname="TestStage5" time="0.002"/>
  <testcase name="test23" classname="TestStage5" time="0.001"/>
  <testcase name="test33" classname="TestStage5" time="0.001"/>
  <testcase name="heapTst5_undo" classname="TestStage5" time="0.006"/>
  <testcase name="heapTst4_reheapify_method" classname="TestStage5" time="0.002"/>
  <testcase name="stage4TestUndoAfterMaxBytes" classname="TestStage5" time="0.026"/>
  <testcase name="test77CommandSetUndoing" classname="TestStage5" time="0.02"/>
  <testcase name="putNewVersion" classname="TestStage5" time="0.002"/>
  <testcase name="test1" classname="TestStage5" time="0.001"/>
  <testcase name="test5" classname="TestStage5" time="0.001"/>
  <testcase name="test9" classname="TestStage5" time="0.002"/>
  <testcase name="test8_Stack_test" classname="TestStage5" time="0.002"/>
  <testcase name="stage5PushToDiskViaMaxDocCountBringBackInViaDeleteAndSearch" classname="TestStage5" time="0.01"/>
  <testcase name="heapTst3_reheapify_method" classname="TestStage5" time="0.001"/>
  <testcase name="searcherrorprifix" classname="TestStage5" time="0.002"/>
  <testcase name="test2BasicTree" classname="TestStage5" time="0.007"/>
  <testcase name="stage3DeleteAllExists" classname="TestStage5" time="0.007"/>
  <testcase name="stage5PushToDiskViaMaxDocCountViaUndoDelete" classname="TestStage5" time="0.002"/>
  <testcase name="minHeaptest_1" classname="TestStage5" time="0.002"/>
  <testcase name="firstDStest1" classname="TestStage5" time="0.007"/>
  <testcase name="undoAfterMultiplePuts" classname="TestStage5" time="0.003"/>
  <testcase name="commandSetStorageDeletion" classname="TestStage5" time="0.006"/>
  <testcase name="BTreeTEst1" classname="TestStage5" time="0.022"/>
</testsuite>